e:\vs_proj\dx12learn\github\ssao\ssao\x64\debug\vc143.pdb
e:\vs_proj\dx12learn\github\ssao\ssao\x64\debug\vc143.idb
e:\vs_proj\dx12learn\github\ssao\ssao\x64\debug\ssao.obj
e:\vs_proj\dx12learn\github\ssao\ssao\x64\debug\shadowrendertarget.obj
e:\vs_proj\dx12learn\github\ssao\ssao\x64\debug\frameresource.obj
e:\vs_proj\dx12learn\github\ssao\ssao\x64\debug\mathhelper.obj
e:\vs_proj\dx12learn\github\ssao\ssao\x64\debug\geometrygenerator.obj
e:\vs_proj\dx12learn\github\ssao\ssao\x64\debug\gametimer.obj
e:\vs_proj\dx12learn\github\ssao\ssao\x64\debug\ddstextureloader.obj
e:\vs_proj\dx12learn\github\ssao\ssao\x64\debug\d3dutil.obj
e:\vs_proj\dx12learn\github\ssao\ssao\x64\debug\d3dapp.obj
e:\vs_proj\dx12learn\github\ssao\ssao\x64\debug\camera.obj
e:\github\ssao\ssao\x64\debug\camera.obj
e:\github\ssao\ssao\x64\debug\d3dapp.obj
e:\github\ssao\ssao\x64\debug\d3dutil.obj
e:\github\ssao\ssao\x64\debug\ddstextureloader.obj
e:\github\ssao\ssao\x64\debug\frameresource.obj
e:\github\ssao\ssao\x64\debug\gametimer.obj
e:\github\ssao\ssao\x64\debug\geometrygenerator.obj
e:\github\ssao\ssao\x64\debug\mathhelper.obj
e:\github\ssao\ssao\x64\debug\shadowrendertarget.obj
e:\github\ssao\ssao\x64\debug\ssao.obj
e:\github\ssao\ssao\x64\debug\vc143.idb
e:\github\ssao\ssao\x64\debug\vc143.pdb
e:\github\ssao\ssao\x64\debug\ssao.tlog\cl.command.1.tlog
e:\github\ssao\ssao\x64\debug\ssao.tlog\cl.read.1.tlog
e:\github\ssao\ssao\x64\debug\ssao.tlog\cl.write.1.tlog
